This file contains any messages produced by compilers while
running configure, to aid debugging if configure makes a mistake.

It was created by genlab configure 01.Q008, which was
generated by GNU Autoconf 2.69.  Invocation command line was

  $ ./configure CC=/usr/bin/gcc CXX=/usr/bin/g++ CFLAGS=-g3 -gdwarf-2 CXXFLAGS=-g3 -gdwarf-2

## --------- ##
## Platform. ##
## --------- ##

hostname = indrek3060
uname -m = x86_64
uname -r = 5.13.0-44-generic
uname -s = Linux
uname -v = #49~20.04.1-Ubuntu SMP Wed May 18 18:44:28 UTC 2022

/usr/bin/uname -p = x86_64
/bin/uname -X     = unknown

/bin/arch              = x86_64
/usr/bin/arch -k       = unknown
/usr/convex/getsysinfo = unknown
/usr/bin/hostinfo      = unknown
/bin/machine           = unknown
/usr/bin/oslevel       = unknown
/bin/universe          = unknown

PATH: /home/indrek/anaconda3/envs/mrln_et/bin
PATH: /home/indrek/anaconda3/condabin
PATH: /usr/local/sbin
PATH: /usr/local/bin
PATH: /usr/sbin
PATH: /usr/bin
PATH: /sbin
PATH: /bin
PATH: /usr/games
PATH: /usr/local/games
PATH: /snap/bin


## ----------- ##
## Core tests. ##
## ----------- ##

configure:2295: checking for a BSD-compatible install
configure:2363: result: /usr/bin/install -c
configure:2374: checking whether build environment is sane
configure:2429: result: yes
configure:2578: checking for a thread-safe mkdir -p
configure:2617: result: /usr/bin/mkdir -p
configure:2624: checking for gawk
configure:2640: found /usr/bin/gawk
configure:2651: result: gawk
configure:2662: checking whether make sets $(MAKE)
configure:2684: result: yes
configure:2713: checking whether make supports nested variables
configure:2730: result: yes
configure:2970: checking for C++ compiler version
configure:2979: /usr/bin/g++ --version >&5
g++ (Ubuntu 9.4.0-1ubuntu1~20.04.1) 9.4.0
Copyright (C) 2019 Free Software Foundation, Inc.
This is free software; see the source for copying conditions.  There is NO
warranty; not even for MERCHANTABILITY or FITNESS FOR A PARTICULAR PURPOSE.

configure:2990: $? = 0
configure:2979: /usr/bin/g++ -v >&5
Using built-in specs.
COLLECT_GCC=/usr/bin/g++
COLLECT_LTO_WRAPPER=/usr/lib/gcc/x86_64-linux-gnu/9/lto-wrapper
OFFLOAD_TARGET_NAMES=nvptx-none:hsa
OFFLOAD_TARGET_DEFAULT=1
Target: x86_64-linux-gnu
Configured with: ../src/configure -v --with-pkgversion='Ubuntu 9.4.0-1ubuntu1~20.04.1' --with-bugurl=file:///usr/share/doc/gcc-9/README.Bugs --enable-languages=c,ada,c++,go,brig,d,fortran,objc,obj-c++,gm2 --prefix=/usr --with-gcc-major-version-only --program-suffix=-9 --program-prefix=x86_64-linux-gnu- --enable-shared --enable-linker-build-id --libexecdir=/usr/lib --without-included-gettext --enable-threads=posix --libdir=/usr/lib --enable-nls --enable-clocale=gnu --enable-libstdcxx-debug --enable-libstdcxx-time=yes --with-default-libstdcxx-abi=new --enable-gnu-unique-object --disable-vtable-verify --enable-plugin --enable-default-pie --with-system-zlib --with-target-system-zlib=auto --enable-objc-gc=auto --enable-multiarch --disable-werror --with-arch-32=i686 --with-abi=m64 --with-multilib-list=m32,m64,mx32 --enable-multilib --with-tune=generic --enable-offload-targets=nvptx-none=/build/gcc-9-Av3uEd/gcc-9-9.4.0/debian/tmp-nvptx/usr,hsa --without-cuda-driver --enable-checking=release --build=x86_64-linux-gnu --host=x86_64-linux-gnu --target=x86_64-linux-gnu
Thread model: posix
gcc version 9.4.0 (Ubuntu 9.4.0-1ubuntu1~20.04.1) 
configure:2990: $? = 0
configure:2979: /usr/bin/g++ -V >&5
g++: error: unrecognized command line option '-V'
g++: fatal error: no input files
compilation terminated.
configure:2990: $? = 1
configure:2979: /usr/bin/g++ -qversion >&5
g++: error: unrecognized command line option '-qversion'; did you mean '--version'?
g++: fatal error: no input files
compilation terminated.
configure:2990: $? = 1
configure:3010: checking whether the C++ compiler works
configure:3032: /usr/bin/g++ -g3 -gdwarf-2   conftest.cpp  >&5
configure:3036: $? = 0
configure:3084: result: yes
configure:3087: checking for C++ compiler default output file name
configure:3089: result: a.out
configure:3095: checking for suffix of executables
configure:3102: /usr/bin/g++ -o conftest -g3 -gdwarf-2   conftest.cpp  >&5
configure:3106: $? = 0
configure:3128: result: 
configure:3150: checking whether we are cross compiling
configure:3158: /usr/bin/g++ -o conftest -g3 -gdwarf-2   conftest.cpp  >&5
configure:3162: $? = 0
configure:3169: ./conftest
configure:3173: $? = 0
configure:3161: result: no
configure:3166: checking for suffix of object files
configure:3188: /usr/bin/g++ -c -g3 -gdwarf-2  conftest.cpp >&5
configure:3192: $? = 0
configure:3213: result: o
configure:3217: checking whether we are using the GNU C++ compiler
configure:3236: /usr/bin/g++ -c -g3 -gdwarf-2  conftest.cpp >&5
configure:3236: $? = 0
configure:3245: result: yes
configure:3254: checking whether /usr/bin/g++ accepts -g
configure:3274: /usr/bin/g++ -c -g  conftest.cpp >&5
configure:3274: $? = 0
configure:3315: result: yes
configure:3341: checking whether make supports the include directive
configure:3356: make -f confmf.GNU && cat confinc.out
this is the am__doit target
configure:3359: $? = 0
configure:3378: result: yes (GNU style)
configure:3403: checking dependency style of /usr/bin/g++
configure:3514: result: gcc3
configure:3577: checking for gcc
configure:3604: result: /usr/bin/gcc
configure:3833: checking for C compiler version
configure:3842: /usr/bin/gcc --version >&5
gcc (Ubuntu 9.4.0-1ubuntu1~20.04.1) 9.4.0
Copyright (C) 2019 Free Software Foundation, Inc.
This is free software; see the source for copying conditions.  There is NO
warranty; not even for MERCHANTABILITY or FITNESS FOR A PARTICULAR PURPOSE.

configure:3853: $? = 0
configure:3842: /usr/bin/gcc -v >&5
Using built-in specs.
COLLECT_GCC=/usr/bin/gcc
COLLECT_LTO_WRAPPER=/usr/lib/gcc/x86_64-linux-gnu/9/lto-wrapper
OFFLOAD_TARGET_NAMES=nvptx-none:hsa
OFFLOAD_TARGET_DEFAULT=1
Target: x86_64-linux-gnu
Configured with: ../src/configure -v --with-pkgversion='Ubuntu 9.4.0-1ubuntu1~20.04.1' --with-bugurl=file:///usr/share/doc/gcc-9/README.Bugs --enable-languages=c,ada,c++,go,brig,d,fortran,objc,obj-c++,gm2 --prefix=/usr --with-gcc-major-version-only --program-suffix=-9 --program-prefix=x86_64-linux-gnu- --enable-shared --enable-linker-build-id --libexecdir=/usr/lib --without-included-gettext --enable-threads=posix --libdir=/usr/lib --enable-nls --enable-clocale=gnu --enable-libstdcxx-debug --enable-libstdcxx-time=yes --with-default-libstdcxx-abi=new --enable-gnu-unique-object --disable-vtable-verify --enable-plugin --enable-default-pie --with-system-zlib --with-target-system-zlib=auto --enable-objc-gc=auto --enable-multiarch --disable-werror --with-arch-32=i686 --with-abi=m64 --with-multilib-list=m32,m64,mx32 --enable-multilib --with-tune=generic --enable-offload-targets=nvptx-none=/build/gcc-9-Av3uEd/gcc-9-9.4.0/debian/tmp-nvptx/usr,hsa --without-cuda-driver --enable-checking=release --build=x86_64-linux-gnu --host=x86_64-linux-gnu --target=x86_64-linux-gnu
Thread model: posix
gcc version 9.4.0 (Ubuntu 9.4.0-1ubuntu1~20.04.1) 
configure:3853: $? = 0
configure:3842: /usr/bin/gcc -V >&5
gcc: error: unrecognized command line option '-V'
gcc: fatal error: no input files
compilation terminated.
configure:3853: $? = 1
configure:3842: /usr/bin/gcc -qversion >&5
gcc: error: unrecognized command line option '-qversion'; did you mean '--version'?
gcc: fatal error: no input files
compilation terminated.
configure:3853: $? = 1
configure:3857: checking whether we are using the GNU C compiler
configure:3876: /usr/bin/gcc -c -g3 -gdwarf-2  conftest.c >&5
configure:3876: $? = 0
configure:3885: result: yes
configure:3894: checking whether /usr/bin/gcc accepts -g
configure:3914: /usr/bin/gcc -c -g  conftest.c >&5
configure:3914: $? = 0
configure:3955: result: yes
configure:3972: checking for /usr/bin/gcc option to accept ISO C89
configure:4035: /usr/bin/gcc  -c -g3 -gdwarf-2  conftest.c >&5
configure:4035: $? = 0
configure:4048: result: none needed
configure:4073: checking whether /usr/bin/gcc understands -c and -o together
configure:4095: /usr/bin/gcc -c conftest.c -o conftest2.o
configure:4098: $? = 0
configure:4095: /usr/bin/gcc -c conftest.c -o conftest2.o
configure:4098: $? = 0
configure:4110: result: yes
configure:4129: checking dependency style of /usr/bin/gcc
configure:4240: result: gcc3
configure:4300: checking for ranlib
configure:4316: found /usr/bin/ranlib
configure:4327: result: ranlib
configure:4395: checking for ar
configure:4411: found /usr/bin/ar
configure:4422: result: ar
configure:4448: checking for log in -lm
configure:4473: /usr/bin/gcc -o conftest -g3 -gdwarf-2   conftest.c -lm   >&5
conftest.c:18:6: warning: conflicting types for built-in function 'log'; expected 'double(double)' [-Wbuiltin-declaration-mismatch]
   18 | char log ();
      |      ^~~
conftest.c:1:1: note: 'log' is declared in header '<math.h>'
    1 | /* confdefs.h */
configure:4473: $? = 0
configure:4482: result: yes
configure:4501: checking how to run the C preprocessor
configure:4532: /usr/bin/gcc -E  conftest.c
configure:4532: $? = 0
configure:4546: /usr/bin/gcc -E  conftest.c
conftest.c:12:10: fatal error: ac_nonexistent.h: No such file or directory
   12 | #include <ac_nonexistent.h>
      |          ^~~~~~~~~~~~~~~~~~
compilation terminated.
configure:4546: $? = 1
configure: failed program was:
| /* confdefs.h */
| #define PACKAGE_NAME "genlab"
| #define PACKAGE_TARNAME "genlab"
| #define PACKAGE_VERSION "01.Q008"
| #define PACKAGE_STRING "genlab 01.Q008"
| #define PACKAGE_BUGREPORT ""
| #define PACKAGE_URL ""
| #define PACKAGE "genlab"
| #define VERSION "01.Q008"
| #define HAVE_LIBM 1
| /* end confdefs.h.  */
| #include <ac_nonexistent.h>
configure:4571: result: /usr/bin/gcc -E
configure:4591: /usr/bin/gcc -E  conftest.c
configure:4591: $? = 0
configure:4605: /usr/bin/gcc -E  conftest.c
conftest.c:12:10: fatal error: ac_nonexistent.h: No such file or directory
   12 | #include <ac_nonexistent.h>
      |          ^~~~~~~~~~~~~~~~~~
compilation terminated.
configure:4605: $? = 1
configure: failed program was:
| /* confdefs.h */
| #define PACKAGE_NAME "genlab"
| #define PACKAGE_TARNAME "genlab"
| #define PACKAGE_VERSION "01.Q008"
| #define PACKAGE_STRING "genlab 01.Q008"
| #define PACKAGE_BUGREPORT ""
| #define PACKAGE_URL ""
| #define PACKAGE "genlab"
| #define VERSION "01.Q008"
| #define HAVE_LIBM 1
| /* end confdefs.h.  */
| #include <ac_nonexistent.h>
configure:4634: checking for grep that handles long lines and -e
configure:4692: result: /usr/bin/grep
configure:4697: checking for egrep
configure:4759: result: /usr/bin/grep -E
configure:4764: checking for ANSI C header files
configure:4784: /usr/bin/gcc -c -g3 -gdwarf-2  conftest.c >&5
configure:4784: $? = 0
configure:4857: /usr/bin/gcc -o conftest -g3 -gdwarf-2   conftest.c -lm  >&5
configure:4857: $? = 0
configure:4857: ./conftest
configure:4857: $? = 0
configure:4868: result: yes
configure:4881: checking for sys/types.h
configure:4881: /usr/bin/gcc -c -g3 -gdwarf-2  conftest.c >&5
configure:4881: $? = 0
configure:4881: result: yes
configure:4881: checking for sys/stat.h
configure:4881: /usr/bin/gcc -c -g3 -gdwarf-2  conftest.c >&5
configure:4881: $? = 0
configure:4881: result: yes
configure:4881: checking for stdlib.h
configure:4881: /usr/bin/gcc -c -g3 -gdwarf-2  conftest.c >&5
configure:4881: $? = 0
configure:4881: result: yes
configure:4881: checking for string.h
configure:4881: /usr/bin/gcc -c -g3 -gdwarf-2  conftest.c >&5
configure:4881: $? = 0
configure:4881: result: yes
configure:4881: checking for memory.h
configure:4881: /usr/bin/gcc -c -g3 -gdwarf-2  conftest.c >&5
configure:4881: $? = 0
configure:4881: result: yes
configure:4881: checking for strings.h
configure:4881: /usr/bin/gcc -c -g3 -gdwarf-2  conftest.c >&5
configure:4881: $? = 0
configure:4881: result: yes
configure:4881: checking for inttypes.h
configure:4881: /usr/bin/gcc -c -g3 -gdwarf-2  conftest.c >&5
configure:4881: $? = 0
configure:4881: result: yes
configure:4881: checking for stdint.h
configure:4881: /usr/bin/gcc -c -g3 -gdwarf-2  conftest.c >&5
configure:4881: $? = 0
configure:4881: result: yes
configure:4881: checking for unistd.h
configure:4881: /usr/bin/gcc -c -g3 -gdwarf-2  conftest.c >&5
configure:4881: $? = 0
configure:4881: result: yes
configure:4896: checking for stdlib.h
configure:4896: result: yes
configure:4896: checking for string.h
configure:4896: result: yes
configure:4909: checking for an ANSI C-conforming const
configure:4975: /usr/bin/gcc -c -g3 -gdwarf-2  conftest.c >&5
configure:4975: $? = 0
configure:4982: result: yes
configure:4990: checking for size_t
configure:4990: /usr/bin/gcc -c -g3 -gdwarf-2  conftest.c >&5
configure:4990: $? = 0
configure:4990: /usr/bin/gcc -c -g3 -gdwarf-2  conftest.c >&5
conftest.c: In function 'main':
conftest.c:60:21: error: expected expression before ')' token
   60 | if (sizeof ((size_t)))
      |                     ^
configure:4990: $? = 1
configure: failed program was:
| /* confdefs.h */
| #define PACKAGE_NAME "genlab"
| #define PACKAGE_TARNAME "genlab"
| #define PACKAGE_VERSION "01.Q008"
| #define PACKAGE_STRING "genlab 01.Q008"
| #define PACKAGE_BUGREPORT ""
| #define PACKAGE_URL ""
| #define PACKAGE "genlab"
| #define VERSION "01.Q008"
| #define HAVE_LIBM 1
| #define STDC_HEADERS 1
| #define HAVE_SYS_TYPES_H 1
| #define HAVE_SYS_STAT_H 1
| #define HAVE_STDLIB_H 1
| #define HAVE_STRING_H 1
| #define HAVE_MEMORY_H 1
| #define HAVE_STRINGS_H 1
| #define HAVE_INTTYPES_H 1
| #define HAVE_STDINT_H 1
| #define HAVE_UNISTD_H 1
| #define HAVE_STDLIB_H 1
| #define HAVE_STRING_H 1
| /* end confdefs.h.  */
| #include <stdio.h>
| #ifdef HAVE_SYS_TYPES_H
| # include <sys/types.h>
| #endif
| #ifdef HAVE_SYS_STAT_H
| # include <sys/stat.h>
| #endif
| #ifdef STDC_HEADERS
| # include <stdlib.h>
| # include <stddef.h>
| #else
| # ifdef HAVE_STDLIB_H
| #  include <stdlib.h>
| # endif
| #endif
| #ifdef HAVE_STRING_H
| # if !defined STDC_HEADERS && defined HAVE_MEMORY_H
| #  include <memory.h>
| # endif
| # include <string.h>
| #endif
| #ifdef HAVE_STRINGS_H
| # include <strings.h>
| #endif
| #ifdef HAVE_INTTYPES_H
| # include <inttypes.h>
| #endif
| #ifdef HAVE_STDINT_H
| # include <stdint.h>
| #endif
| #ifdef HAVE_UNISTD_H
| # include <unistd.h>
| #endif
| int
| main ()
| {
| if (sizeof ((size_t)))
| 	    return 0;
|   ;
|   return 0;
| }
configure:4990: result: yes
configure:5005: checking for vprintf
configure:5005: /usr/bin/gcc -o conftest -g3 -gdwarf-2   conftest.c -lm  >&5
conftest.c:47:6: warning: conflicting types for built-in function 'vprintf'; expected 'int(const char *, __va_list_tag *)' [-Wbuiltin-declaration-mismatch]
   47 | char vprintf ();
      |      ^~~~~~~
conftest.c:35:1: note: 'vprintf' is declared in header '<stdio.h>'
   34 | # include <limits.h>
   35 | #else
configure:5005: $? = 0
configure:5005: result: yes
configure:5011: checking for _doprnt
configure:5011: /usr/bin/gcc -o conftest -g3 -gdwarf-2   conftest.c -lm  >&5
/usr/bin/ld: /tmp/ccWnQYXJ.o: in function `main':
/home/indrek/disk2/merlin_et/test2/mrln_et/tools/genlab/conftest.c:59: undefined reference to `_doprnt'
collect2: error: ld returned 1 exit status
configure:5011: $? = 1
configure: failed program was:
| /* confdefs.h */
| #define PACKAGE_NAME "genlab"
| #define PACKAGE_TARNAME "genlab"
| #define PACKAGE_VERSION "01.Q008"
| #define PACKAGE_STRING "genlab 01.Q008"
| #define PACKAGE_BUGREPORT ""
| #define PACKAGE_URL ""
| #define PACKAGE "genlab"
| #define VERSION "01.Q008"
| #define HAVE_LIBM 1
| #define STDC_HEADERS 1
| #define HAVE_SYS_TYPES_H 1
| #define HAVE_SYS_STAT_H 1
| #define HAVE_STDLIB_H 1
| #define HAVE_STRING_H 1
| #define HAVE_MEMORY_H 1
| #define HAVE_STRINGS_H 1
| #define HAVE_INTTYPES_H 1
| #define HAVE_STDINT_H 1
| #define HAVE_UNISTD_H 1
| #define HAVE_STDLIB_H 1
| #define HAVE_STRING_H 1
| #define HAVE_VPRINTF 1
| /* end confdefs.h.  */
| /* Define _doprnt to an innocuous variant, in case <limits.h> declares _doprnt.
|    For example, HP-UX 11i <limits.h> declares gettimeofday.  */
| #define _doprnt innocuous__doprnt
| 
| /* System header to define __stub macros and hopefully few prototypes,
|     which can conflict with char _doprnt (); below.
|     Prefer <limits.h> to <assert.h> if __STDC__ is defined, since
|     <limits.h> exists even on freestanding compilers.  */
| 
| #ifdef __STDC__
| # include <limits.h>
| #else
| # include <assert.h>
| #endif
| 
| #undef _doprnt
| 
| /* Override any GCC internal prototype to avoid an error.
|    Use char because int might match the return type of a GCC
|    builtin and then its argument prototype would still apply.  */
| #ifdef __cplusplus
| extern "C"
| #endif
| char _doprnt ();
| /* The GNU C library defines this for functions which it implements
|     to always fail with ENOSYS.  Some functions are actually named
|     something starting with __ and the normal name is an alias.  */
| #if defined __stub__doprnt || defined __stub____doprnt
| choke me
| #endif
| 
| int
| main ()
| {
| return _doprnt ();
|   ;
|   return 0;
| }
configure:5011: result: no
configure:5025: checking for sqrt
configure:5025: /usr/bin/gcc -o conftest -g3 -gdwarf-2   conftest.c -lm  >&5
conftest.c:48:6: warning: conflicting types for built-in function 'sqrt'; expected 'double(double)' [-Wbuiltin-declaration-mismatch]
   48 | char sqrt ();
      |      ^~~~
conftest.c:36:1: note: 'sqrt' is declared in header '<math.h>'
   35 | # include <limits.h>
   36 | #else
configure:5025: $? = 0
configure:5025: result: yes
configure:5025: checking for strchr
configure:5025: /usr/bin/gcc -o conftest -g3 -gdwarf-2   conftest.c -lm  >&5
conftest.c:49:6: warning: conflicting types for built-in function 'strchr'; expected 'char *(const char *, int)' [-Wbuiltin-declaration-mismatch]
   49 | char strchr ();
      |      ^~~~~~
conftest.c:37:1: note: 'strchr' is declared in header '<string.h>'
   36 | # include <limits.h>
   37 | #else
configure:5025: $? = 0
configure:5025: result: yes
configure:5025: checking for strrchr
configure:5025: /usr/bin/gcc -o conftest -g3 -gdwarf-2   conftest.c -lm  >&5
conftest.c:50:6: warning: conflicting types for built-in function 'strrchr'; expected 'char *(const char *, int)' [-Wbuiltin-declaration-mismatch]
   50 | char strrchr ();
      |      ^~~~~~~
conftest.c:38:1: note: 'strrchr' is declared in header '<string.h>'
   37 | # include <limits.h>
   38 | #else
configure:5025: $? = 0
configure:5025: result: yes
configure:5025: checking for strstr
configure:5025: /usr/bin/gcc -o conftest -g3 -gdwarf-2   conftest.c -lm  >&5
conftest.c:51:6: warning: conflicting types for built-in function 'strstr'; expected 'char *(const char *, const char *)' [-Wbuiltin-declaration-mismatch]
   51 | char strstr ();
      |      ^~~~~~
conftest.c:39:1: note: 'strstr' is declared in header '<string.h>'
   38 | # include <limits.h>
   39 | #else
configure:5025: $? = 0
configure:5025: result: yes
configure:5043: checking whether to enable compiling for embedded devices
configure:5051: result: no
configure:5196: checking that generated files are newer than configure
configure:5202: result: done
configure:5229: creating ./config.status

## ---------------------- ##
## Running config.status. ##
## ---------------------- ##

This file was extended by genlab config.status 01.Q008, which was
generated by GNU Autoconf 2.69.  Invocation command line was

  CONFIG_FILES    = 
  CONFIG_HEADERS  = 
  CONFIG_LINKS    = 
  CONFIG_COMMANDS = 
  $ ./config.status 

on indrek3060

config.status:787: creating Makefile
config.status:787: creating bin/Makefile
config.status:787: creating lib/engine/Makefile
config.status:787: creating lib/label/Makefile
config.status:787: creating lib/fsc/Makefile
config.status:787: creating lib/etana/Makefile
config.status:959: executing depfiles commands
config.status:1036: cd bin       && sed -e '/# am--include-marker/d' Makefile         | make -f - am--depfiles
make: Nothing to be done for 'am--depfiles'.
config.status:1041: $? = 0
config.status:1036: cd lib/engine       && sed -e '/# am--include-marker/d' Makefile         | make -f - am--depfiles
make: Nothing to be done for 'am--depfiles'.
config.status:1041: $? = 0
config.status:1036: cd lib/label       && sed -e '/# am--include-marker/d' Makefile         | make -f - am--depfiles
make: Nothing to be done for 'am--depfiles'.
config.status:1041: $? = 0
config.status:1036: cd lib/fsc       && sed -e '/# am--include-marker/d' Makefile         | make -f - am--depfiles
make: Nothing to be done for 'am--depfiles'.
config.status:1041: $? = 0
config.status:1036: cd lib/etana       && sed -e '/# am--include-marker/d' Makefile         | make -f - am--depfiles
make: Nothing to be done for 'am--depfiles'.
config.status:1041: $? = 0

## ---------------- ##
## Cache variables. ##
## ---------------- ##

ac_cv_c_compiler_gnu=yes
ac_cv_c_const=yes
ac_cv_cxx_compiler_gnu=yes
ac_cv_env_CCC_set=
ac_cv_env_CCC_value=
ac_cv_env_CC_set=set
ac_cv_env_CC_value=/usr/bin/gcc
ac_cv_env_CFLAGS_set=set
ac_cv_env_CFLAGS_value='-g3 -gdwarf-2'
ac_cv_env_CPPFLAGS_set=
ac_cv_env_CPPFLAGS_value=
ac_cv_env_CPP_set=
ac_cv_env_CPP_value=
ac_cv_env_CXXFLAGS_set=set
ac_cv_env_CXXFLAGS_value='-g3 -gdwarf-2'
ac_cv_env_CXX_set=set
ac_cv_env_CXX_value=/usr/bin/g++
ac_cv_env_LDFLAGS_set=
ac_cv_env_LDFLAGS_value=
ac_cv_env_LIBS_set=
ac_cv_env_LIBS_value=
ac_cv_env_build_alias_set=
ac_cv_env_build_alias_value=
ac_cv_env_host_alias_set=
ac_cv_env_host_alias_value=
ac_cv_env_target_alias_set=
ac_cv_env_target_alias_value=
ac_cv_func__doprnt=no
ac_cv_func_sqrt=yes
ac_cv_func_strchr=yes
ac_cv_func_strrchr=yes
ac_cv_func_strstr=yes
ac_cv_func_vprintf=yes
ac_cv_header_inttypes_h=yes
ac_cv_header_memory_h=yes
ac_cv_header_stdc=yes
ac_cv_header_stdint_h=yes
ac_cv_header_stdlib_h=yes
ac_cv_header_string_h=yes
ac_cv_header_strings_h=yes
ac_cv_header_sys_stat_h=yes
ac_cv_header_sys_types_h=yes
ac_cv_header_unistd_h=yes
ac_cv_lib_m_log=yes
ac_cv_objext=o
ac_cv_path_EGREP='/usr/bin/grep -E'
ac_cv_path_GREP=/usr/bin/grep
ac_cv_path_install='/usr/bin/install -c'
ac_cv_path_mkdir=/usr/bin/mkdir
ac_cv_prog_AWK=gawk
ac_cv_prog_CPP='/usr/bin/gcc -E'
ac_cv_prog_ac_ct_AR=ar
ac_cv_prog_ac_ct_CC=/usr/bin/gcc
ac_cv_prog_ac_ct_RANLIB=ranlib
ac_cv_prog_cc_c89=
ac_cv_prog_cc_g=yes
ac_cv_prog_cxx_g=yes
ac_cv_prog_make_make_set=yes
ac_cv_type_size_t=yes
am_cv_CC_dependencies_compiler_type=gcc3
am_cv_CXX_dependencies_compiler_type=gcc3
am_cv_make_support_nested_variables=yes
am_cv_prog_cc_c_o=yes

## ----------------- ##
## Output variables. ##
## ----------------- ##

ACLOCAL='${SHELL} /home/indrek/disk2/merlin_et/test2/mrln_et/tools/genlab/config/missing aclocal-1.16'
AMDEPBACKSLASH='\'
AMDEP_FALSE='#'
AMDEP_TRUE=''
AMTAR='$${TAR-tar}'
AM_BACKSLASH='\'
AM_DEFAULT_V='$(AM_DEFAULT_VERBOSITY)'
AM_DEFAULT_VERBOSITY='1'
AM_V='$(V)'
AR='ar'
AUTOCONF='${SHELL} /home/indrek/disk2/merlin_et/test2/mrln_et/tools/genlab/config/missing autoconf'
AUTOHEADER='${SHELL} /home/indrek/disk2/merlin_et/test2/mrln_et/tools/genlab/config/missing autoheader'
AUTOMAKE='${SHELL} /home/indrek/disk2/merlin_et/test2/mrln_et/tools/genlab/config/missing automake-1.16'
AWK='gawk'
CC='/usr/bin/gcc'
CCDEPMODE='depmode=gcc3'
CFLAGS='-g3 -gdwarf-2'
CPP='/usr/bin/gcc -E'
CPPFLAGS=''
CXX='/usr/bin/g++'
CXXDEPMODE='depmode=gcc3'
CXXFLAGS='-g3 -gdwarf-2'
CYGPATH_W='echo'
DEFS='-DPACKAGE_NAME=\"genlab\" -DPACKAGE_TARNAME=\"genlab\" -DPACKAGE_VERSION=\"01.Q008\" -DPACKAGE_STRING=\"genlab\ 01.Q008\" -DPACKAGE_BUGREPORT=\"\" -DPACKAGE_URL=\"\" -DPACKAGE=\"genlab\" -DVERSION=\"01.Q008\" -DHAVE_LIBM=1 -DSTDC_HEADERS=1 -DHAVE_SYS_TYPES_H=1 -DHAVE_SYS_STAT_H=1 -DHAVE_STDLIB_H=1 -DHAVE_STRING_H=1 -DHAVE_MEMORY_H=1 -DHAVE_STRINGS_H=1 -DHAVE_INTTYPES_H=1 -DHAVE_STDINT_H=1 -DHAVE_UNISTD_H=1 -DHAVE_STDLIB_H=1 -DHAVE_STRING_H=1 -DHAVE_VPRINTF=1 -DHAVE_SQRT=1 -DHAVE_STRCHR=1 -DHAVE_STRRCHR=1 -DHAVE_STRSTR=1'
DEPDIR='.deps'
ECHO_C=''
ECHO_N='-n'
ECHO_T=''
EGREP='/usr/bin/grep -E'
EXEEXT=''
GREP='/usr/bin/grep'
INSTALL_DATA='${INSTALL} -m 644'
INSTALL_PROGRAM='${INSTALL}'
INSTALL_SCRIPT='${INSTALL}'
INSTALL_STRIP_PROGRAM='$(install_sh) -c -s'
LDFLAGS=''
LIBOBJS=''
LIBS='-lm '
LTLIBOBJS=''
MAKEINFO='${SHELL} /home/indrek/disk2/merlin_et/test2/mrln_et/tools/genlab/config/missing makeinfo'
MKDIR_P='/usr/bin/mkdir -p'
OBJEXT='o'
PACKAGE='genlab'
PACKAGE_BUGREPORT=''
PACKAGE_NAME='genlab'
PACKAGE_STRING='genlab 01.Q008'
PACKAGE_TARNAME='genlab'
PACKAGE_URL=''
PACKAGE_VERSION='01.Q008'
PATH_SEPARATOR=':'
RANLIB='ranlib'
SET_MAKE=''
SHELL='/bin/bash'
STRIP=''
VERSION='01.Q008'
ac_ct_CC='/usr/bin/gcc'
ac_ct_CXX=''
am__EXEEXT_FALSE=''
am__EXEEXT_TRUE='#'
am__fastdepCC_FALSE='#'
am__fastdepCC_TRUE=''
am__fastdepCXX_FALSE='#'
am__fastdepCXX_TRUE=''
am__include='include'
am__isrc=''
am__leading_dot='.'
am__nodep='_no'
am__quote=''
am__tar='$${TAR-tar} chof - "$$tardir"'
am__untar='$${TAR-tar} xf -'
bindir='${exec_prefix}/bin'
build_alias=''
datadir='${datarootdir}'
datarootdir='${prefix}/share'
docdir='${datarootdir}/doc/${PACKAGE_TARNAME}'
dvidir='${docdir}'
exec_prefix='${prefix}'
host_alias=''
htmldir='${docdir}'
includedir='${prefix}/include'
infodir='${datarootdir}/info'
install_sh='${SHELL} /home/indrek/disk2/merlin_et/test2/mrln_et/tools/genlab/config/install-sh'
libdir='${exec_prefix}/lib'
libexecdir='${exec_prefix}/libexec'
localedir='${datarootdir}/locale'
localstatedir='${prefix}/var'
mandir='${datarootdir}/man'
mkdir_p='$(MKDIR_P)'
oldincludedir='/usr/include'
pdfdir='${docdir}'
prefix='/usr/local'
program_transform_name='s,x,x,'
psdir='${docdir}'
runstatedir='${localstatedir}/run'
sbindir='${exec_prefix}/sbin'
sharedstatedir='${prefix}/com'
sysconfdir='${prefix}/etc'
target_alias=''

## ----------- ##
## confdefs.h. ##
## ----------- ##

/* confdefs.h */
#define PACKAGE_NAME "genlab"
#define PACKAGE_TARNAME "genlab"
#define PACKAGE_VERSION "01.Q008"
#define PACKAGE_STRING "genlab 01.Q008"
#define PACKAGE_BUGREPORT ""
#define PACKAGE_URL ""
#define PACKAGE "genlab"
#define VERSION "01.Q008"
#define HAVE_LIBM 1
#define STDC_HEADERS 1
#define HAVE_SYS_TYPES_H 1
#define HAVE_SYS_STAT_H 1
#define HAVE_STDLIB_H 1
#define HAVE_STRING_H 1
#define HAVE_MEMORY_H 1
#define HAVE_STRINGS_H 1
#define HAVE_INTTYPES_H 1
#define HAVE_STDINT_H 1
#define HAVE_UNISTD_H 1
#define HAVE_STDLIB_H 1
#define HAVE_STRING_H 1
#define HAVE_VPRINTF 1
#define HAVE_SQRT 1
#define HAVE_STRCHR 1
#define HAVE_STRRCHR 1
#define HAVE_STRSTR 1

configure: exit 0
